The system is: Linux - 3.5.7-gentoo - i686
Compiling the C compiler identification source file "CMakeCCompilerId.c" succeeded.
Compiler: /usr/bin/gcc 
Build flags: 
Id flags: 

The output was:
0


Compilation of the C compiler identification source "CMakeCCompilerId.c" produced "a.out"

The C compiler identification is GNU, found in "/home/mmh/softwares/FaceRecognition/build/CMakeFiles/CompilerIdC/a.out"

Compiling the CXX compiler identification source file "CMakeCXXCompilerId.cpp" succeeded.
Compiler: /usr/bin/c++ 
Build flags: 
Id flags: 

The output was:
0


Compilation of the CXX compiler identification source "CMakeCXXCompilerId.cpp" produced "a.out"

The CXX compiler identification is GNU, found in "/home/mmh/softwares/FaceRecognition/build/CMakeFiles/CompilerIdCXX/a.out"

Determining if the C compiler works passed with the following output:
Change Dir: /home/mmh/softwares/FaceRecognition/build/CMakeFiles/CMakeTmp

Run Build Command:/usr/bin/gmake "cmTryCompileExec2368137572/fast"
/usr/bin/gmake -f CMakeFiles/cmTryCompileExec2368137572.dir/build.make CMakeFiles/cmTryCompileExec2368137572.dir/build
gmake[1]: Entering directory `/home/mmh/softwares/FaceRecognition/build/CMakeFiles/CMakeTmp'
/usr/bin/cmake -E cmake_progress_report /home/mmh/softwares/FaceRecognition/build/CMakeFiles/CMakeTmp/CMakeFiles 1
Building C object CMakeFiles/cmTryCompileExec2368137572.dir/testCCompiler.c.o
/usr/bin/gcc    -o CMakeFiles/cmTryCompileExec2368137572.dir/testCCompiler.c.o   -c /home/mmh/softwares/FaceRecognition/build/CMakeFiles/CMakeTmp/testCCompiler.c
Linking C executable cmTryCompileExec2368137572
/usr/bin/cmake -E cmake_link_script CMakeFiles/cmTryCompileExec2368137572.dir/link.txt --verbose=1
/usr/bin/gcc         CMakeFiles/cmTryCompileExec2368137572.dir/testCCompiler.c.o  -o cmTryCompileExec2368137572 -rdynamic 
gmake[1]: Leaving directory `/home/mmh/softwares/FaceRecognition/build/CMakeFiles/CMakeTmp'


Detecting C compiler ABI info compiled with the following output:
Change Dir: /home/mmh/softwares/FaceRecognition/build/CMakeFiles/CMakeTmp

Run Build Command:/usr/bin/gmake "cmTryCompileExec2800223718/fast"
/usr/bin/gmake -f CMakeFiles/cmTryCompileExec2800223718.dir/build.make CMakeFiles/cmTryCompileExec2800223718.dir/build
gmake[1]: Entering directory `/home/mmh/softwares/FaceRecognition/build/CMakeFiles/CMakeTmp'
/usr/bin/cmake -E cmake_progress_report /home/mmh/softwares/FaceRecognition/build/CMakeFiles/CMakeTmp/CMakeFiles 1
Building C object CMakeFiles/cmTryCompileExec2800223718.dir/CMakeCCompilerABI.c.o
/usr/bin/gcc    -o CMakeFiles/cmTryCompileExec2800223718.dir/CMakeCCompilerABI.c.o   -c /usr/share/cmake/Modules/CMakeCCompilerABI.c
Linking C executable cmTryCompileExec2800223718
/usr/bin/cmake -E cmake_link_script CMakeFiles/cmTryCompileExec2800223718.dir/link.txt --verbose=1
/usr/bin/gcc       -v CMakeFiles/cmTryCompileExec2800223718.dir/CMakeCCompilerABI.c.o  -o cmTryCompileExec2800223718 -rdynamic  
Using built-in specs.
COLLECT_GCC=/usr/i686-pc-linux-gnu/gcc-bin/4.5.4/gcc
COLLECT_LTO_WRAPPER=/usr/libexec/gcc/i686-pc-linux-gnu/4.5.4/lto-wrapper
Target: i686-pc-linux-gnu
Configured with: /var/tmp/portage/sys-devel/gcc-4.5.4/work/gcc-4.5.4/configure --prefix=/usr --bindir=/usr/i686-pc-linux-gnu/gcc-bin/4.5.4 --includedir=/usr/lib/gcc/i686-pc-linux-gnu/4.5.4/include --datadir=/usr/share/gcc-data/i686-pc-linux-gnu/4.5.4 --mandir=/usr/share/gcc-data/i686-pc-linux-gnu/4.5.4/man --infodir=/usr/share/gcc-data/i686-pc-linux-gnu/4.5.4/info --with-gxx-include-dir=/usr/lib/gcc/i686-pc-linux-gnu/4.5.4/include/g++-v4 --host=i686-pc-linux-gnu --build=i686-pc-linux-gnu --disable-altivec --disable-fixed-point --without-ppl --without-cloog --disable-lto --enable-nls --without-included-gettext --with-system-zlib --enable-obsolete --disable-werror --enable-secureplt --disable-multilib --enable-libmudflap --disable-libssp --enable-libgomp --with-python-dir=/share/gcc-data/i686-pc-linux-gnu/4.5.4/python --enable-checking=release --disable-libgcj --with-arch=i686 --enable-languages=c,c++,fortran --enable-shared --enable-threads=posix --enable-__cxa_atexit --enable-clocale=gnu --enable-targets=all --with-bugurl=http://bugs.gentoo.org/ --with-pkgversion='Gentoo 4.5.4 p1.0, pie-0.4.7'
Thread model: posix
gcc version 4.5.4 (Gentoo 4.5.4 p1.0, pie-0.4.7) 
COMPILER_PATH=/usr/libexec/gcc/i686-pc-linux-gnu/4.5.4/:/usr/libexec/gcc/i686-pc-linux-gnu/4.5.4/:/usr/libexec/gcc/i686-pc-linux-gnu/:/usr/lib/gcc/i686-pc-linux-gnu/4.5.4/:/usr/lib/gcc/i686-pc-linux-gnu/:/usr/lib/gcc/i686-pc-linux-gnu/4.5.4/../../../../i686-pc-linux-gnu/bin/
LIBRARY_PATH=/usr/lib/gcc/i686-pc-linux-gnu/4.5.4/:/usr/lib/gcc/i686-pc-linux-gnu/4.5.4/../../../../i686-pc-linux-gnu/lib/../lib/:/usr/lib/gcc/i686-pc-linux-gnu/4.5.4/../../../../lib/:/lib/../lib/:/usr/lib/../lib/:/usr/lib/gcc/i686-pc-linux-gnu/4.5.4/../../../../i686-pc-linux-gnu/lib/:/usr/lib/gcc/i686-pc-linux-gnu/4.5.4/../../../:/lib/:/usr/lib/
COLLECT_GCC_OPTIONS='-v' '-o' 'cmTryCompileExec2800223718' '-rdynamic' '-mtune=generic' '-march=i686'
 /usr/libexec/gcc/i686-pc-linux-gnu/4.5.4/collect2 --eh-frame-hdr -m elf_i386 -export-dynamic -dynamic-linker /lib/ld-linux.so.2 -o cmTryCompileExec2800223718 /usr/lib/gcc/i686-pc-linux-gnu/4.5.4/../../../../lib/crt1.o /usr/lib/gcc/i686-pc-linux-gnu/4.5.4/../../../../lib/crti.o /usr/lib/gcc/i686-pc-linux-gnu/4.5.4/crtbegin.o -L/usr/lib/gcc/i686-pc-linux-gnu/4.5.4 -L/usr/lib/gcc/i686-pc-linux-gnu/4.5.4/../../../../i686-pc-linux-gnu/lib/../lib -L/usr/lib/gcc/i686-pc-linux-gnu/4.5.4/../../../../lib -L/lib/../lib -L/usr/lib/../lib -L/usr/lib/gcc/i686-pc-linux-gnu/4.5.4/../../../../i686-pc-linux-gnu/lib -L/usr/lib/gcc/i686-pc-linux-gnu/4.5.4/../../.. CMakeFiles/cmTryCompileExec2800223718.dir/CMakeCCompilerABI.c.o -lgcc --as-needed -lgcc_s --no-as-needed -lc -lgcc --as-needed -lgcc_s --no-as-needed /usr/lib/gcc/i686-pc-linux-gnu/4.5.4/crtend.o /usr/lib/gcc/i686-pc-linux-gnu/4.5.4/../../../../lib/crtn.o
gmake[1]: Leaving directory `/home/mmh/softwares/FaceRecognition/build/CMakeFiles/CMakeTmp'


Parsed C implicit link information from above output:
  link line regex: [^( *|.*[/\])(ld|ld|collect2)[^/\]*( |$)]
  ignore line: [Change Dir: /home/mmh/softwares/FaceRecognition/build/CMakeFiles/CMakeTmp]
  ignore line: []
  ignore line: [Run Build Command:/usr/bin/gmake "cmTryCompileExec2800223718/fast"]
  ignore line: [/usr/bin/gmake -f CMakeFiles/cmTryCompileExec2800223718.dir/build.make CMakeFiles/cmTryCompileExec2800223718.dir/build]
  ignore line: [gmake[1]: Entering directory `/home/mmh/softwares/FaceRecognition/build/CMakeFiles/CMakeTmp']
  ignore line: [/usr/bin/cmake -E cmake_progress_report /home/mmh/softwares/FaceRecognition/build/CMakeFiles/CMakeTmp/CMakeFiles 1]
  ignore line: [Building C object CMakeFiles/cmTryCompileExec2800223718.dir/CMakeCCompilerABI.c.o]
  ignore line: [/usr/bin/gcc    -o CMakeFiles/cmTryCompileExec2800223718.dir/CMakeCCompilerABI.c.o   -c /usr/share/cmake/Modules/CMakeCCompilerABI.c]
  ignore line: [Linking C executable cmTryCompileExec2800223718]
  ignore line: [/usr/bin/cmake -E cmake_link_script CMakeFiles/cmTryCompileExec2800223718.dir/link.txt --verbose=1]
  ignore line: [/usr/bin/gcc       -v CMakeFiles/cmTryCompileExec2800223718.dir/CMakeCCompilerABI.c.o  -o cmTryCompileExec2800223718 -rdynamic  ]
  ignore line: [Using built-in specs.]
  ignore line: [COLLECT_GCC=/usr/i686-pc-linux-gnu/gcc-bin/4.5.4/gcc]
  ignore line: [COLLECT_LTO_WRAPPER=/usr/libexec/gcc/i686-pc-linux-gnu/4.5.4/lto-wrapper]
  ignore line: [Target: i686-pc-linux-gnu]
  ignore line: [Configured with: /var/tmp/portage/sys-devel/gcc-4.5.4/work/gcc-4.5.4/configure --prefix=/usr --bindir=/usr/i686-pc-linux-gnu/gcc-bin/4.5.4 --includedir=/usr/lib/gcc/i686-pc-linux-gnu/4.5.4/include --datadir=/usr/share/gcc-data/i686-pc-linux-gnu/4.5.4 --mandir=/usr/share/gcc-data/i686-pc-linux-gnu/4.5.4/man --infodir=/usr/share/gcc-data/i686-pc-linux-gnu/4.5.4/info --with-gxx-include-dir=/usr/lib/gcc/i686-pc-linux-gnu/4.5.4/include/g++-v4 --host=i686-pc-linux-gnu --build=i686-pc-linux-gnu --disable-altivec --disable-fixed-point --without-ppl --without-cloog --disable-lto --enable-nls --without-included-gettext --with-system-zlib --enable-obsolete --disable-werror --enable-secureplt --disable-multilib --enable-libmudflap --disable-libssp --enable-libgomp --with-python-dir=/share/gcc-data/i686-pc-linux-gnu/4.5.4/python --enable-checking=release --disable-libgcj --with-arch=i686 --enable-languages=c,c++,fortran --enable-shared --enable-threads=posix --enable-__cxa_atexit --enable-clocale=gnu --enable-targets=all --with-bugurl=http://bugs.gentoo.org/ --with-pkgversion='Gentoo 4.5.4 p1.0, pie-0.4.7']
  ignore line: [Thread model: posix]
  ignore line: [gcc version 4.5.4 (Gentoo 4.5.4 p1.0, pie-0.4.7) ]
  ignore line: [COMPILER_PATH=/usr/libexec/gcc/i686-pc-linux-gnu/4.5.4/:/usr/libexec/gcc/i686-pc-linux-gnu/4.5.4/:/usr/libexec/gcc/i686-pc-linux-gnu/:/usr/lib/gcc/i686-pc-linux-gnu/4.5.4/:/usr/lib/gcc/i686-pc-linux-gnu/:/usr/lib/gcc/i686-pc-linux-gnu/4.5.4/../../../../i686-pc-linux-gnu/bin/]
  ignore line: [LIBRARY_PATH=/usr/lib/gcc/i686-pc-linux-gnu/4.5.4/:/usr/lib/gcc/i686-pc-linux-gnu/4.5.4/../../../../i686-pc-linux-gnu/lib/../lib/:/usr/lib/gcc/i686-pc-linux-gnu/4.5.4/../../../../lib/:/lib/../lib/:/usr/lib/../lib/:/usr/lib/gcc/i686-pc-linux-gnu/4.5.4/../../../../i686-pc-linux-gnu/lib/:/usr/lib/gcc/i686-pc-linux-gnu/4.5.4/../../../:/lib/:/usr/lib/]
  ignore line: [COLLECT_GCC_OPTIONS='-v' '-o' 'cmTryCompileExec2800223718' '-rdynamic' '-mtune=generic' '-march=i686']
  link line: [ /usr/libexec/gcc/i686-pc-linux-gnu/4.5.4/collect2 --eh-frame-hdr -m elf_i386 -export-dynamic -dynamic-linker /lib/ld-linux.so.2 -o cmTryCompileExec2800223718 /usr/lib/gcc/i686-pc-linux-gnu/4.5.4/../../../../lib/crt1.o /usr/lib/gcc/i686-pc-linux-gnu/4.5.4/../../../../lib/crti.o /usr/lib/gcc/i686-pc-linux-gnu/4.5.4/crtbegin.o -L/usr/lib/gcc/i686-pc-linux-gnu/4.5.4 -L/usr/lib/gcc/i686-pc-linux-gnu/4.5.4/../../../../i686-pc-linux-gnu/lib/../lib -L/usr/lib/gcc/i686-pc-linux-gnu/4.5.4/../../../../lib -L/lib/../lib -L/usr/lib/../lib -L/usr/lib/gcc/i686-pc-linux-gnu/4.5.4/../../../../i686-pc-linux-gnu/lib -L/usr/lib/gcc/i686-pc-linux-gnu/4.5.4/../../.. CMakeFiles/cmTryCompileExec2800223718.dir/CMakeCCompilerABI.c.o -lgcc --as-needed -lgcc_s --no-as-needed -lc -lgcc --as-needed -lgcc_s --no-as-needed /usr/lib/gcc/i686-pc-linux-gnu/4.5.4/crtend.o /usr/lib/gcc/i686-pc-linux-gnu/4.5.4/../../../../lib/crtn.o]
    arg [/usr/libexec/gcc/i686-pc-linux-gnu/4.5.4/collect2] ==> ignore
    arg [--eh-frame-hdr] ==> ignore
    arg [-m] ==> ignore
    arg [elf_i386] ==> ignore
    arg [-export-dynamic] ==> ignore
    arg [-dynamic-linker] ==> ignore
    arg [/lib/ld-linux.so.2] ==> ignore
    arg [-o] ==> ignore
    arg [cmTryCompileExec2800223718] ==> ignore
    arg [/usr/lib/gcc/i686-pc-linux-gnu/4.5.4/../../../../lib/crt1.o] ==> ignore
    arg [/usr/lib/gcc/i686-pc-linux-gnu/4.5.4/../../../../lib/crti.o] ==> ignore
    arg [/usr/lib/gcc/i686-pc-linux-gnu/4.5.4/crtbegin.o] ==> ignore
    arg [-L/usr/lib/gcc/i686-pc-linux-gnu/4.5.4] ==> dir [/usr/lib/gcc/i686-pc-linux-gnu/4.5.4]
    arg [-L/usr/lib/gcc/i686-pc-linux-gnu/4.5.4/../../../../i686-pc-linux-gnu/lib/../lib] ==> dir [/usr/lib/gcc/i686-pc-linux-gnu/4.5.4/../../../../i686-pc-linux-gnu/lib/../lib]
    arg [-L/usr/lib/gcc/i686-pc-linux-gnu/4.5.4/../../../../lib] ==> dir [/usr/lib/gcc/i686-pc-linux-gnu/4.5.4/../../../../lib]
    arg [-L/lib/../lib] ==> dir [/lib/../lib]
    arg [-L/usr/lib/../lib] ==> dir [/usr/lib/../lib]
    arg [-L/usr/lib/gcc/i686-pc-linux-gnu/4.5.4/../../../../i686-pc-linux-gnu/lib] ==> dir [/usr/lib/gcc/i686-pc-linux-gnu/4.5.4/../../../../i686-pc-linux-gnu/lib]
    arg [-L/usr/lib/gcc/i686-pc-linux-gnu/4.5.4/../../..] ==> dir [/usr/lib/gcc/i686-pc-linux-gnu/4.5.4/../../..]
    arg [CMakeFiles/cmTryCompileExec2800223718.dir/CMakeCCompilerABI.c.o] ==> ignore
    arg [-lgcc] ==> lib [gcc]
    arg [--as-needed] ==> ignore
    arg [-lgcc_s] ==> lib [gcc_s]
    arg [--no-as-needed] ==> ignore
    arg [-lc] ==> lib [c]
    arg [-lgcc] ==> lib [gcc]
    arg [--as-needed] ==> ignore
    arg [-lgcc_s] ==> lib [gcc_s]
    arg [--no-as-needed] ==> ignore
    arg [/usr/lib/gcc/i686-pc-linux-gnu/4.5.4/crtend.o] ==> ignore
    arg [/usr/lib/gcc/i686-pc-linux-gnu/4.5.4/../../../../lib/crtn.o] ==> ignore
  remove lib [gcc]
  remove lib [gcc_s]
  remove lib [gcc]
  remove lib [gcc_s]
  collapse dir [/usr/lib/gcc/i686-pc-linux-gnu/4.5.4] ==> [/usr/lib/gcc/i686-pc-linux-gnu/4.5.4]
  collapse dir [/usr/lib/gcc/i686-pc-linux-gnu/4.5.4/../../../../i686-pc-linux-gnu/lib/../lib] ==> [/usr/i686-pc-linux-gnu/lib]
  collapse dir [/usr/lib/gcc/i686-pc-linux-gnu/4.5.4/../../../../lib] ==> [/usr/lib]
  collapse dir [/lib/../lib] ==> [/lib]
  collapse dir [/usr/lib/../lib] ==> [/usr/lib]
  collapse dir [/usr/lib/gcc/i686-pc-linux-gnu/4.5.4/../../../../i686-pc-linux-gnu/lib] ==> [/usr/i686-pc-linux-gnu/lib]
  collapse dir [/usr/lib/gcc/i686-pc-linux-gnu/4.5.4/../../..] ==> [/usr/lib]
  implicit libs: [c]
  implicit dirs: [/usr/lib/gcc/i686-pc-linux-gnu/4.5.4;/usr/i686-pc-linux-gnu/lib;/usr/lib;/lib]


Determining if the CXX compiler works passed with the following output:
Change Dir: /home/mmh/softwares/FaceRecognition/build/CMakeFiles/CMakeTmp

Run Build Command:/usr/bin/gmake "cmTryCompileExec3944641419/fast"
/usr/bin/gmake -f CMakeFiles/cmTryCompileExec3944641419.dir/build.make CMakeFiles/cmTryCompileExec3944641419.dir/build
gmake[1]: Entering directory `/home/mmh/softwares/FaceRecognition/build/CMakeFiles/CMakeTmp'
/usr/bin/cmake -E cmake_progress_report /home/mmh/softwares/FaceRecognition/build/CMakeFiles/CMakeTmp/CMakeFiles 1
Building CXX object CMakeFiles/cmTryCompileExec3944641419.dir/testCXXCompiler.cxx.o
/usr/bin/c++     -o CMakeFiles/cmTryCompileExec3944641419.dir/testCXXCompiler.cxx.o -c /home/mmh/softwares/FaceRecognition/build/CMakeFiles/CMakeTmp/testCXXCompiler.cxx
Linking CXX executable cmTryCompileExec3944641419
/usr/bin/cmake -E cmake_link_script CMakeFiles/cmTryCompileExec3944641419.dir/link.txt --verbose=1
/usr/bin/c++          CMakeFiles/cmTryCompileExec3944641419.dir/testCXXCompiler.cxx.o  -o cmTryCompileExec3944641419 -rdynamic 
gmake[1]: Leaving directory `/home/mmh/softwares/FaceRecognition/build/CMakeFiles/CMakeTmp'


Detecting CXX compiler ABI info compiled with the following output:
Change Dir: /home/mmh/softwares/FaceRecognition/build/CMakeFiles/CMakeTmp

Run Build Command:/usr/bin/gmake "cmTryCompileExec3421917153/fast"
/usr/bin/gmake -f CMakeFiles/cmTryCompileExec3421917153.dir/build.make CMakeFiles/cmTryCompileExec3421917153.dir/build
gmake[1]: Entering directory `/home/mmh/softwares/FaceRecognition/build/CMakeFiles/CMakeTmp'
/usr/bin/cmake -E cmake_progress_report /home/mmh/softwares/FaceRecognition/build/CMakeFiles/CMakeTmp/CMakeFiles 1
Building CXX object CMakeFiles/cmTryCompileExec3421917153.dir/CMakeCXXCompilerABI.cpp.o
/usr/bin/c++     -o CMakeFiles/cmTryCompileExec3421917153.dir/CMakeCXXCompilerABI.cpp.o -c /usr/share/cmake/Modules/CMakeCXXCompilerABI.cpp
Linking CXX executable cmTryCompileExec3421917153
/usr/bin/cmake -E cmake_link_script CMakeFiles/cmTryCompileExec3421917153.dir/link.txt --verbose=1
/usr/bin/c++        -v CMakeFiles/cmTryCompileExec3421917153.dir/CMakeCXXCompilerABI.cpp.o  -o cmTryCompileExec3421917153 -rdynamic  
Using built-in specs.
COLLECT_GCC=/usr/i686-pc-linux-gnu/gcc-bin/4.5.4/c++
COLLECT_LTO_WRAPPER=/usr/libexec/gcc/i686-pc-linux-gnu/4.5.4/lto-wrapper
Target: i686-pc-linux-gnu
Configured with: /var/tmp/portage/sys-devel/gcc-4.5.4/work/gcc-4.5.4/configure --prefix=/usr --bindir=/usr/i686-pc-linux-gnu/gcc-bin/4.5.4 --includedir=/usr/lib/gcc/i686-pc-linux-gnu/4.5.4/include --datadir=/usr/share/gcc-data/i686-pc-linux-gnu/4.5.4 --mandir=/usr/share/gcc-data/i686-pc-linux-gnu/4.5.4/man --infodir=/usr/share/gcc-data/i686-pc-linux-gnu/4.5.4/info --with-gxx-include-dir=/usr/lib/gcc/i686-pc-linux-gnu/4.5.4/include/g++-v4 --host=i686-pc-linux-gnu --build=i686-pc-linux-gnu --disable-altivec --disable-fixed-point --without-ppl --without-cloog --disable-lto --enable-nls --without-included-gettext --with-system-zlib --enable-obsolete --disable-werror --enable-secureplt --disable-multilib --enable-libmudflap --disable-libssp --enable-libgomp --with-python-dir=/share/gcc-data/i686-pc-linux-gnu/4.5.4/python --enable-checking=release --disable-libgcj --with-arch=i686 --enable-languages=c,c++,fortran --enable-shared --enable-threads=posix --enable-__cxa_atexit --enable-clocale=gnu --enable-targets=all --with-bugurl=http://bugs.gentoo.org/ --with-pkgversion='Gentoo 4.5.4 p1.0, pie-0.4.7'
Thread model: posix
gcc version 4.5.4 (Gentoo 4.5.4 p1.0, pie-0.4.7) 
COMPILER_PATH=/usr/libexec/gcc/i686-pc-linux-gnu/4.5.4/:/usr/libexec/gcc/i686-pc-linux-gnu/4.5.4/:/usr/libexec/gcc/i686-pc-linux-gnu/:/usr/lib/gcc/i686-pc-linux-gnu/4.5.4/:/usr/lib/gcc/i686-pc-linux-gnu/:/usr/lib/gcc/i686-pc-linux-gnu/4.5.4/../../../../i686-pc-linux-gnu/bin/
LIBRARY_PATH=/usr/lib/gcc/i686-pc-linux-gnu/4.5.4/:/usr/lib/gcc/i686-pc-linux-gnu/4.5.4/../../../../i686-pc-linux-gnu/lib/../lib/:/usr/lib/gcc/i686-pc-linux-gnu/4.5.4/../../../../lib/:/lib/../lib/:/usr/lib/../lib/:/usr/lib/gcc/i686-pc-linux-gnu/4.5.4/../../../../i686-pc-linux-gnu/lib/:/usr/lib/gcc/i686-pc-linux-gnu/4.5.4/../../../:/lib/:/usr/lib/
COLLECT_GCC_OPTIONS='-v' '-o' 'cmTryCompileExec3421917153' '-rdynamic' '-shared-libgcc' '-mtune=generic' '-march=i686'
 /usr/libexec/gcc/i686-pc-linux-gnu/4.5.4/collect2 --eh-frame-hdr -m elf_i386 -export-dynamic -dynamic-linker /lib/ld-linux.so.2 -o cmTryCompileExec3421917153 /usr/lib/gcc/i686-pc-linux-gnu/4.5.4/../../../../lib/crt1.o /usr/lib/gcc/i686-pc-linux-gnu/4.5.4/../../../../lib/crti.o /usr/lib/gcc/i686-pc-linux-gnu/4.5.4/crtbegin.o -L/usr/lib/gcc/i686-pc-linux-gnu/4.5.4 -L/usr/lib/gcc/i686-pc-linux-gnu/4.5.4/../../../../i686-pc-linux-gnu/lib/../lib -L/usr/lib/gcc/i686-pc-linux-gnu/4.5.4/../../../../lib -L/lib/../lib -L/usr/lib/../lib -L/usr/lib/gcc/i686-pc-linux-gnu/4.5.4/../../../../i686-pc-linux-gnu/lib -L/usr/lib/gcc/i686-pc-linux-gnu/4.5.4/../../.. CMakeFiles/cmTryCompileExec3421917153.dir/CMakeCXXCompilerABI.cpp.o -lstdc++ -lm -lgcc_s -lgcc -lc -lgcc_s -lgcc /usr/lib/gcc/i686-pc-linux-gnu/4.5.4/crtend.o /usr/lib/gcc/i686-pc-linux-gnu/4.5.4/../../../../lib/crtn.o
gmake[1]: Leaving directory `/home/mmh/softwares/FaceRecognition/build/CMakeFiles/CMakeTmp'


Parsed CXX implicit link information from above output:
  link line regex: [^( *|.*[/\])(ld|ld|collect2)[^/\]*( |$)]
  ignore line: [Change Dir: /home/mmh/softwares/FaceRecognition/build/CMakeFiles/CMakeTmp]
  ignore line: []
  ignore line: [Run Build Command:/usr/bin/gmake "cmTryCompileExec3421917153/fast"]
  ignore line: [/usr/bin/gmake -f CMakeFiles/cmTryCompileExec3421917153.dir/build.make CMakeFiles/cmTryCompileExec3421917153.dir/build]
  ignore line: [gmake[1]: Entering directory `/home/mmh/softwares/FaceRecognition/build/CMakeFiles/CMakeTmp']
  ignore line: [/usr/bin/cmake -E cmake_progress_report /home/mmh/softwares/FaceRecognition/build/CMakeFiles/CMakeTmp/CMakeFiles 1]
  ignore line: [Building CXX object CMakeFiles/cmTryCompileExec3421917153.dir/CMakeCXXCompilerABI.cpp.o]
  ignore line: [/usr/bin/c++     -o CMakeFiles/cmTryCompileExec3421917153.dir/CMakeCXXCompilerABI.cpp.o -c /usr/share/cmake/Modules/CMakeCXXCompilerABI.cpp]
  ignore line: [Linking CXX executable cmTryCompileExec3421917153]
  ignore line: [/usr/bin/cmake -E cmake_link_script CMakeFiles/cmTryCompileExec3421917153.dir/link.txt --verbose=1]
  ignore line: [/usr/bin/c++        -v CMakeFiles/cmTryCompileExec3421917153.dir/CMakeCXXCompilerABI.cpp.o  -o cmTryCompileExec3421917153 -rdynamic  ]
  ignore line: [Using built-in specs.]
  ignore line: [COLLECT_GCC=/usr/i686-pc-linux-gnu/gcc-bin/4.5.4/c++]
  ignore line: [COLLECT_LTO_WRAPPER=/usr/libexec/gcc/i686-pc-linux-gnu/4.5.4/lto-wrapper]
  ignore line: [Target: i686-pc-linux-gnu]
  ignore line: [Configured with: /var/tmp/portage/sys-devel/gcc-4.5.4/work/gcc-4.5.4/configure --prefix=/usr --bindir=/usr/i686-pc-linux-gnu/gcc-bin/4.5.4 --includedir=/usr/lib/gcc/i686-pc-linux-gnu/4.5.4/include --datadir=/usr/share/gcc-data/i686-pc-linux-gnu/4.5.4 --mandir=/usr/share/gcc-data/i686-pc-linux-gnu/4.5.4/man --infodir=/usr/share/gcc-data/i686-pc-linux-gnu/4.5.4/info --with-gxx-include-dir=/usr/lib/gcc/i686-pc-linux-gnu/4.5.4/include/g++-v4 --host=i686-pc-linux-gnu --build=i686-pc-linux-gnu --disable-altivec --disable-fixed-point --without-ppl --without-cloog --disable-lto --enable-nls --without-included-gettext --with-system-zlib --enable-obsolete --disable-werror --enable-secureplt --disable-multilib --enable-libmudflap --disable-libssp --enable-libgomp --with-python-dir=/share/gcc-data/i686-pc-linux-gnu/4.5.4/python --enable-checking=release --disable-libgcj --with-arch=i686 --enable-languages=c,c++,fortran --enable-shared --enable-threads=posix --enable-__cxa_atexit --enable-clocale=gnu --enable-targets=all --with-bugurl=http://bugs.gentoo.org/ --with-pkgversion='Gentoo 4.5.4 p1.0, pie-0.4.7']
  ignore line: [Thread model: posix]
  ignore line: [gcc version 4.5.4 (Gentoo 4.5.4 p1.0, pie-0.4.7) ]
  ignore line: [COMPILER_PATH=/usr/libexec/gcc/i686-pc-linux-gnu/4.5.4/:/usr/libexec/gcc/i686-pc-linux-gnu/4.5.4/:/usr/libexec/gcc/i686-pc-linux-gnu/:/usr/lib/gcc/i686-pc-linux-gnu/4.5.4/:/usr/lib/gcc/i686-pc-linux-gnu/:/usr/lib/gcc/i686-pc-linux-gnu/4.5.4/../../../../i686-pc-linux-gnu/bin/]
  ignore line: [LIBRARY_PATH=/usr/lib/gcc/i686-pc-linux-gnu/4.5.4/:/usr/lib/gcc/i686-pc-linux-gnu/4.5.4/../../../../i686-pc-linux-gnu/lib/../lib/:/usr/lib/gcc/i686-pc-linux-gnu/4.5.4/../../../../lib/:/lib/../lib/:/usr/lib/../lib/:/usr/lib/gcc/i686-pc-linux-gnu/4.5.4/../../../../i686-pc-linux-gnu/lib/:/usr/lib/gcc/i686-pc-linux-gnu/4.5.4/../../../:/lib/:/usr/lib/]
  ignore line: [COLLECT_GCC_OPTIONS='-v' '-o' 'cmTryCompileExec3421917153' '-rdynamic' '-shared-libgcc' '-mtune=generic' '-march=i686']
  link line: [ /usr/libexec/gcc/i686-pc-linux-gnu/4.5.4/collect2 --eh-frame-hdr -m elf_i386 -export-dynamic -dynamic-linker /lib/ld-linux.so.2 -o cmTryCompileExec3421917153 /usr/lib/gcc/i686-pc-linux-gnu/4.5.4/../../../../lib/crt1.o /usr/lib/gcc/i686-pc-linux-gnu/4.5.4/../../../../lib/crti.o /usr/lib/gcc/i686-pc-linux-gnu/4.5.4/crtbegin.o -L/usr/lib/gcc/i686-pc-linux-gnu/4.5.4 -L/usr/lib/gcc/i686-pc-linux-gnu/4.5.4/../../../../i686-pc-linux-gnu/lib/../lib -L/usr/lib/gcc/i686-pc-linux-gnu/4.5.4/../../../../lib -L/lib/../lib -L/usr/lib/../lib -L/usr/lib/gcc/i686-pc-linux-gnu/4.5.4/../../../../i686-pc-linux-gnu/lib -L/usr/lib/gcc/i686-pc-linux-gnu/4.5.4/../../.. CMakeFiles/cmTryCompileExec3421917153.dir/CMakeCXXCompilerABI.cpp.o -lstdc++ -lm -lgcc_s -lgcc -lc -lgcc_s -lgcc /usr/lib/gcc/i686-pc-linux-gnu/4.5.4/crtend.o /usr/lib/gcc/i686-pc-linux-gnu/4.5.4/../../../../lib/crtn.o]
    arg [/usr/libexec/gcc/i686-pc-linux-gnu/4.5.4/collect2] ==> ignore
    arg [--eh-frame-hdr] ==> ignore
    arg [-m] ==> ignore
    arg [elf_i386] ==> ignore
    arg [-export-dynamic] ==> ignore
    arg [-dynamic-linker] ==> ignore
    arg [/lib/ld-linux.so.2] ==> ignore
    arg [-o] ==> ignore
    arg [cmTryCompileExec3421917153] ==> ignore
    arg [/usr/lib/gcc/i686-pc-linux-gnu/4.5.4/../../../../lib/crt1.o] ==> ignore
    arg [/usr/lib/gcc/i686-pc-linux-gnu/4.5.4/../../../../lib/crti.o] ==> ignore
    arg [/usr/lib/gcc/i686-pc-linux-gnu/4.5.4/crtbegin.o] ==> ignore
    arg [-L/usr/lib/gcc/i686-pc-linux-gnu/4.5.4] ==> dir [/usr/lib/gcc/i686-pc-linux-gnu/4.5.4]
    arg [-L/usr/lib/gcc/i686-pc-linux-gnu/4.5.4/../../../../i686-pc-linux-gnu/lib/../lib] ==> dir [/usr/lib/gcc/i686-pc-linux-gnu/4.5.4/../../../../i686-pc-linux-gnu/lib/../lib]
    arg [-L/usr/lib/gcc/i686-pc-linux-gnu/4.5.4/../../../../lib] ==> dir [/usr/lib/gcc/i686-pc-linux-gnu/4.5.4/../../../../lib]
    arg [-L/lib/../lib] ==> dir [/lib/../lib]
    arg [-L/usr/lib/../lib] ==> dir [/usr/lib/../lib]
    arg [-L/usr/lib/gcc/i686-pc-linux-gnu/4.5.4/../../../../i686-pc-linux-gnu/lib] ==> dir [/usr/lib/gcc/i686-pc-linux-gnu/4.5.4/../../../../i686-pc-linux-gnu/lib]
    arg [-L/usr/lib/gcc/i686-pc-linux-gnu/4.5.4/../../..] ==> dir [/usr/lib/gcc/i686-pc-linux-gnu/4.5.4/../../..]
    arg [CMakeFiles/cmTryCompileExec3421917153.dir/CMakeCXXCompilerABI.cpp.o] ==> ignore
    arg [-lstdc++] ==> lib [stdc++]
    arg [-lm] ==> lib [m]
    arg [-lgcc_s] ==> lib [gcc_s]
    arg [-lgcc] ==> lib [gcc]
    arg [-lc] ==> lib [c]
    arg [-lgcc_s] ==> lib [gcc_s]
    arg [-lgcc] ==> lib [gcc]
    arg [/usr/lib/gcc/i686-pc-linux-gnu/4.5.4/crtend.o] ==> ignore
    arg [/usr/lib/gcc/i686-pc-linux-gnu/4.5.4/../../../../lib/crtn.o] ==> ignore
  remove lib [gcc_s]
  remove lib [gcc]
  remove lib [gcc_s]
  remove lib [gcc]
  collapse dir [/usr/lib/gcc/i686-pc-linux-gnu/4.5.4] ==> [/usr/lib/gcc/i686-pc-linux-gnu/4.5.4]
  collapse dir [/usr/lib/gcc/i686-pc-linux-gnu/4.5.4/../../../../i686-pc-linux-gnu/lib/../lib] ==> [/usr/i686-pc-linux-gnu/lib]
  collapse dir [/usr/lib/gcc/i686-pc-linux-gnu/4.5.4/../../../../lib] ==> [/usr/lib]
  collapse dir [/lib/../lib] ==> [/lib]
  collapse dir [/usr/lib/../lib] ==> [/usr/lib]
  collapse dir [/usr/lib/gcc/i686-pc-linux-gnu/4.5.4/../../../../i686-pc-linux-gnu/lib] ==> [/usr/i686-pc-linux-gnu/lib]
  collapse dir [/usr/lib/gcc/i686-pc-linux-gnu/4.5.4/../../..] ==> [/usr/lib]
  implicit libs: [stdc++;m;c]
  implicit dirs: [/usr/lib/gcc/i686-pc-linux-gnu/4.5.4;/usr/i686-pc-linux-gnu/lib;/usr/lib;/lib]


Determining if the Q_WS_X11 exist passed with the following output:
Change Dir: /home/mmh/softwares/FaceRecognition/build/CMakeFiles/CMakeTmp

Run Build Command:/usr/bin/gmake "cmTryCompileExec1257903373/fast"
/usr/bin/gmake -f CMakeFiles/cmTryCompileExec1257903373.dir/build.make CMakeFiles/cmTryCompileExec1257903373.dir/build
gmake[1]: Entering directory `/home/mmh/softwares/FaceRecognition/build/CMakeFiles/CMakeTmp'
/usr/bin/cmake -E cmake_progress_report /home/mmh/softwares/FaceRecognition/build/CMakeFiles/CMakeTmp/CMakeFiles 1
Building CXX object CMakeFiles/cmTryCompileExec1257903373.dir/CheckSymbolExists.cxx.o
/usr/bin/c++    -fopenmp -fPIC   -I/usr/include/qt4    -o CMakeFiles/cmTryCompileExec1257903373.dir/CheckSymbolExists.cxx.o -c /home/mmh/softwares/FaceRecognition/build/CMakeFiles/CMakeTmp/CheckSymbolExists.cxx
Linking CXX executable cmTryCompileExec1257903373
/usr/bin/cmake -E cmake_link_script CMakeFiles/cmTryCompileExec1257903373.dir/link.txt --verbose=1
/usr/bin/c++     -fopenmp -fPIC      CMakeFiles/cmTryCompileExec1257903373.dir/CheckSymbolExists.cxx.o  -o cmTryCompileExec1257903373 -rdynamic 
gmake[1]: Leaving directory `/home/mmh/softwares/FaceRecognition/build/CMakeFiles/CMakeTmp'

File /home/mmh/softwares/FaceRecognition/build/CMakeFiles/CMakeTmp/CheckSymbolExists.cxx:
/* */
#include <QtCore/qglobal.h>

int main(int argc, char** argv)
{
  (void)argv;
#ifndef Q_WS_X11
  return ((int*)(&Q_WS_X11))[argc];
#else
  (void)argc;
  return 0;
#endif
}

Determining if the function XOpenDisplay exists in the /usr/lib/libX11.so;/usr/lib/libXext.so;/usr/lib/libXft.so;/usr/lib/libXau.so;/usr/lib/libXdmcp.so;/usr/lib/libXpm.so passed with the following output:
Change Dir: /home/mmh/softwares/FaceRecognition/build/CMakeFiles/CMakeTmp

Run Build Command:/usr/bin/gmake "cmTryCompileExec1737085232/fast"
/usr/bin/gmake -f CMakeFiles/cmTryCompileExec1737085232.dir/build.make CMakeFiles/cmTryCompileExec1737085232.dir/build
gmake[1]: Entering directory `/home/mmh/softwares/FaceRecognition/build/CMakeFiles/CMakeTmp'
/usr/bin/cmake -E cmake_progress_report /home/mmh/softwares/FaceRecognition/build/CMakeFiles/CMakeTmp/CMakeFiles 1
Building C object CMakeFiles/cmTryCompileExec1737085232.dir/CheckFunctionExists.c.o
/usr/bin/gcc   -fopenmp -fPIC  -DCHECK_FUNCTION_EXISTS=XOpenDisplay   -o CMakeFiles/cmTryCompileExec1737085232.dir/CheckFunctionExists.c.o   -c /usr/share/cmake/Modules/CheckFunctionExists.c
Linking C executable cmTryCompileExec1737085232
/usr/bin/cmake -E cmake_link_script CMakeFiles/cmTryCompileExec1737085232.dir/link.txt --verbose=1
/usr/bin/gcc    -fopenmp -fPIC  -DCHECK_FUNCTION_EXISTS=XOpenDisplay    CMakeFiles/cmTryCompileExec1737085232.dir/CheckFunctionExists.c.o  -o cmTryCompileExec1737085232 -rdynamic -lX11 -lXext -lXft -lXau -lXdmcp -lXpm 
gmake[1]: Leaving directory `/home/mmh/softwares/FaceRecognition/build/CMakeFiles/CMakeTmp'


Determining if the function gethostbyname exists passed with the following output:
Change Dir: /home/mmh/softwares/FaceRecognition/build/CMakeFiles/CMakeTmp

Run Build Command:/usr/bin/gmake "cmTryCompileExec1015614544/fast"
/usr/bin/gmake -f CMakeFiles/cmTryCompileExec1015614544.dir/build.make CMakeFiles/cmTryCompileExec1015614544.dir/build
gmake[1]: Entering directory `/home/mmh/softwares/FaceRecognition/build/CMakeFiles/CMakeTmp'
/usr/bin/cmake -E cmake_progress_report /home/mmh/softwares/FaceRecognition/build/CMakeFiles/CMakeTmp/CMakeFiles 1
Building C object CMakeFiles/cmTryCompileExec1015614544.dir/CheckFunctionExists.c.o
/usr/bin/gcc   -fopenmp -fPIC  -DCHECK_FUNCTION_EXISTS=gethostbyname   -o CMakeFiles/cmTryCompileExec1015614544.dir/CheckFunctionExists.c.o   -c /usr/share/cmake/Modules/CheckFunctionExists.c
Linking C executable cmTryCompileExec1015614544
/usr/bin/cmake -E cmake_link_script CMakeFiles/cmTryCompileExec1015614544.dir/link.txt --verbose=1
/usr/bin/gcc    -fopenmp -fPIC  -DCHECK_FUNCTION_EXISTS=gethostbyname    CMakeFiles/cmTryCompileExec1015614544.dir/CheckFunctionExists.c.o  -o cmTryCompileExec1015614544 -rdynamic 
gmake[1]: Leaving directory `/home/mmh/softwares/FaceRecognition/build/CMakeFiles/CMakeTmp'


Determining if the function connect exists passed with the following output:
Change Dir: /home/mmh/softwares/FaceRecognition/build/CMakeFiles/CMakeTmp

Run Build Command:/usr/bin/gmake "cmTryCompileExec685539767/fast"
/usr/bin/gmake -f CMakeFiles/cmTryCompileExec685539767.dir/build.make CMakeFiles/cmTryCompileExec685539767.dir/build
gmake[1]: Entering directory `/home/mmh/softwares/FaceRecognition/build/CMakeFiles/CMakeTmp'
/usr/bin/cmake -E cmake_progress_report /home/mmh/softwares/FaceRecognition/build/CMakeFiles/CMakeTmp/CMakeFiles 1
Building C object CMakeFiles/cmTryCompileExec685539767.dir/CheckFunctionExists.c.o
/usr/bin/gcc   -fopenmp -fPIC  -DCHECK_FUNCTION_EXISTS=connect   -o CMakeFiles/cmTryCompileExec685539767.dir/CheckFunctionExists.c.o   -c /usr/share/cmake/Modules/CheckFunctionExists.c
Linking C executable cmTryCompileExec685539767
/usr/bin/cmake -E cmake_link_script CMakeFiles/cmTryCompileExec685539767.dir/link.txt --verbose=1
/usr/bin/gcc    -fopenmp -fPIC  -DCHECK_FUNCTION_EXISTS=connect    CMakeFiles/cmTryCompileExec685539767.dir/CheckFunctionExists.c.o  -o cmTryCompileExec685539767 -rdynamic 
gmake[1]: Leaving directory `/home/mmh/softwares/FaceRecognition/build/CMakeFiles/CMakeTmp'


Determining if the function remove exists passed with the following output:
Change Dir: /home/mmh/softwares/FaceRecognition/build/CMakeFiles/CMakeTmp

Run Build Command:/usr/bin/gmake "cmTryCompileExec268577132/fast"
/usr/bin/gmake -f CMakeFiles/cmTryCompileExec268577132.dir/build.make CMakeFiles/cmTryCompileExec268577132.dir/build
gmake[1]: Entering directory `/home/mmh/softwares/FaceRecognition/build/CMakeFiles/CMakeTmp'
/usr/bin/cmake -E cmake_progress_report /home/mmh/softwares/FaceRecognition/build/CMakeFiles/CMakeTmp/CMakeFiles 1
Building C object CMakeFiles/cmTryCompileExec268577132.dir/CheckFunctionExists.c.o
/usr/bin/gcc   -fopenmp -fPIC  -DCHECK_FUNCTION_EXISTS=remove   -o CMakeFiles/cmTryCompileExec268577132.dir/CheckFunctionExists.c.o   -c /usr/share/cmake/Modules/CheckFunctionExists.c
Linking C executable cmTryCompileExec268577132
/usr/bin/cmake -E cmake_link_script CMakeFiles/cmTryCompileExec268577132.dir/link.txt --verbose=1
/usr/bin/gcc    -fopenmp -fPIC  -DCHECK_FUNCTION_EXISTS=remove    CMakeFiles/cmTryCompileExec268577132.dir/CheckFunctionExists.c.o  -o cmTryCompileExec268577132 -rdynamic 
gmake[1]: Leaving directory `/home/mmh/softwares/FaceRecognition/build/CMakeFiles/CMakeTmp'


Determining if the function shmat exists passed with the following output:
Change Dir: /home/mmh/softwares/FaceRecognition/build/CMakeFiles/CMakeTmp

Run Build Command:/usr/bin/gmake "cmTryCompileExec1702508250/fast"
/usr/bin/gmake -f CMakeFiles/cmTryCompileExec1702508250.dir/build.make CMakeFiles/cmTryCompileExec1702508250.dir/build
gmake[1]: Entering directory `/home/mmh/softwares/FaceRecognition/build/CMakeFiles/CMakeTmp'
/usr/bin/cmake -E cmake_progress_report /home/mmh/softwares/FaceRecognition/build/CMakeFiles/CMakeTmp/CMakeFiles 1
Building C object CMakeFiles/cmTryCompileExec1702508250.dir/CheckFunctionExists.c.o
/usr/bin/gcc   -fopenmp -fPIC  -DCHECK_FUNCTION_EXISTS=shmat   -o CMakeFiles/cmTryCompileExec1702508250.dir/CheckFunctionExists.c.o   -c /usr/share/cmake/Modules/CheckFunctionExists.c
Linking C executable cmTryCompileExec1702508250
/usr/bin/cmake -E cmake_link_script CMakeFiles/cmTryCompileExec1702508250.dir/link.txt --verbose=1
/usr/bin/gcc    -fopenmp -fPIC  -DCHECK_FUNCTION_EXISTS=shmat    CMakeFiles/cmTryCompileExec1702508250.dir/CheckFunctionExists.c.o  -o cmTryCompileExec1702508250 -rdynamic 
gmake[1]: Leaving directory `/home/mmh/softwares/FaceRecognition/build/CMakeFiles/CMakeTmp'


Determining if the function IceConnectionNumber exists in the ICE passed with the following output:
Change Dir: /home/mmh/softwares/FaceRecognition/build/CMakeFiles/CMakeTmp

Run Build Command:/usr/bin/gmake "cmTryCompileExec3104970423/fast"
/usr/bin/gmake -f CMakeFiles/cmTryCompileExec3104970423.dir/build.make CMakeFiles/cmTryCompileExec3104970423.dir/build
gmake[1]: Entering directory `/home/mmh/softwares/FaceRecognition/build/CMakeFiles/CMakeTmp'
/usr/bin/cmake -E cmake_progress_report /home/mmh/softwares/FaceRecognition/build/CMakeFiles/CMakeTmp/CMakeFiles 1
Building C object CMakeFiles/cmTryCompileExec3104970423.dir/CheckFunctionExists.c.o
/usr/bin/gcc   -fopenmp -fPIC  -DCHECK_FUNCTION_EXISTS=IceConnectionNumber   -o CMakeFiles/cmTryCompileExec3104970423.dir/CheckFunctionExists.c.o   -c /usr/share/cmake/Modules/CheckFunctionExists.c
Linking C executable cmTryCompileExec3104970423
/usr/bin/cmake -E cmake_link_script CMakeFiles/cmTryCompileExec3104970423.dir/link.txt --verbose=1
/usr/bin/gcc    -fopenmp -fPIC  -DCHECK_FUNCTION_EXISTS=IceConnectionNumber    CMakeFiles/cmTryCompileExec3104970423.dir/CheckFunctionExists.c.o  -o cmTryCompileExec3104970423 -rdynamic -lICE 
gmake[1]: Leaving directory `/home/mmh/softwares/FaceRecognition/build/CMakeFiles/CMakeTmp'


Determining if files pthread.h exist passed with the following output:
Change Dir: /home/mmh/softwares/FaceRecognition/build/CMakeFiles/CMakeTmp

Run Build Command:/usr/bin/gmake "cmTryCompileExec3375513299/fast"
/usr/bin/gmake -f CMakeFiles/cmTryCompileExec3375513299.dir/build.make CMakeFiles/cmTryCompileExec3375513299.dir/build
gmake[1]: Entering directory `/home/mmh/softwares/FaceRecognition/build/CMakeFiles/CMakeTmp'
/usr/bin/cmake -E cmake_progress_report /home/mmh/softwares/FaceRecognition/build/CMakeFiles/CMakeTmp/CMakeFiles 1
Building C object CMakeFiles/cmTryCompileExec3375513299.dir/CheckIncludeFiles.c.o
/usr/bin/gcc   -fopenmp -fPIC     -o CMakeFiles/cmTryCompileExec3375513299.dir/CheckIncludeFiles.c.o   -c /home/mmh/softwares/FaceRecognition/build/CMakeFiles/CMakeTmp/CheckIncludeFiles.c
Linking C executable cmTryCompileExec3375513299
/usr/bin/cmake -E cmake_link_script CMakeFiles/cmTryCompileExec3375513299.dir/link.txt --verbose=1
/usr/bin/gcc    -fopenmp -fPIC      CMakeFiles/cmTryCompileExec3375513299.dir/CheckIncludeFiles.c.o  -o cmTryCompileExec3375513299 -rdynamic 
gmake[1]: Leaving directory `/home/mmh/softwares/FaceRecognition/build/CMakeFiles/CMakeTmp'


Determining if the pthread_create exist passed with the following output:
Change Dir: /home/mmh/softwares/FaceRecognition/build/CMakeFiles/CMakeTmp

Run Build Command:/usr/bin/gmake "cmTryCompileExec738105086/fast"
/usr/bin/gmake -f CMakeFiles/cmTryCompileExec738105086.dir/build.make CMakeFiles/cmTryCompileExec738105086.dir/build
gmake[1]: Entering directory `/home/mmh/softwares/FaceRecognition/build/CMakeFiles/CMakeTmp'
/usr/bin/cmake -E cmake_progress_report /home/mmh/softwares/FaceRecognition/build/CMakeFiles/CMakeTmp/CMakeFiles 1
Building C object CMakeFiles/cmTryCompileExec738105086.dir/CheckSymbolExists.c.o
/usr/bin/gcc   -fopenmp -fPIC     -o CMakeFiles/cmTryCompileExec738105086.dir/CheckSymbolExists.c.o   -c /home/mmh/softwares/FaceRecognition/build/CMakeFiles/CMakeTmp/CheckSymbolExists.c
Linking C executable cmTryCompileExec738105086
/usr/bin/cmake -E cmake_link_script CMakeFiles/cmTryCompileExec738105086.dir/link.txt --verbose=1
/usr/bin/gcc    -fopenmp -fPIC      CMakeFiles/cmTryCompileExec738105086.dir/CheckSymbolExists.c.o  -o cmTryCompileExec738105086 -rdynamic 
gmake[1]: Leaving directory `/home/mmh/softwares/FaceRecognition/build/CMakeFiles/CMakeTmp'

File /home/mmh/softwares/FaceRecognition/build/CMakeFiles/CMakeTmp/CheckSymbolExists.c:
/* */
#include <pthread.h>

int main(int argc, char** argv)
{
  (void)argv;
#ifndef pthread_create
  return ((int*)(&pthread_create))[argc];
#else
  (void)argc;
  return 0;
#endif
}

Determining if the _POSIX_TIMERS exist passed with the following output:
Change Dir: /home/mmh/softwares/FaceRecognition/build/CMakeFiles/CMakeTmp

Run Build Command:/usr/bin/gmake "cmTryCompileExec3607714353/fast"
/usr/bin/gmake -f CMakeFiles/cmTryCompileExec3607714353.dir/build.make CMakeFiles/cmTryCompileExec3607714353.dir/build
gmake[1]: Entering directory `/home/mmh/softwares/FaceRecognition/build/CMakeFiles/CMakeTmp'
/usr/bin/cmake -E cmake_progress_report /home/mmh/softwares/FaceRecognition/build/CMakeFiles/CMakeTmp/CMakeFiles 1
Building C object CMakeFiles/cmTryCompileExec3607714353.dir/CheckSymbolExists.c.o
/usr/bin/gcc   -fopenmp -fPIC     -o CMakeFiles/cmTryCompileExec3607714353.dir/CheckSymbolExists.c.o   -c /home/mmh/softwares/FaceRecognition/build/CMakeFiles/CMakeTmp/CheckSymbolExists.c
Linking C executable cmTryCompileExec3607714353
/usr/bin/cmake -E cmake_link_script CMakeFiles/cmTryCompileExec3607714353.dir/link.txt --verbose=1
/usr/bin/gcc    -fopenmp -fPIC      CMakeFiles/cmTryCompileExec3607714353.dir/CheckSymbolExists.c.o  -o cmTryCompileExec3607714353 -rdynamic -lrt 
gmake[1]: Leaving directory `/home/mmh/softwares/FaceRecognition/build/CMakeFiles/CMakeTmp'

File /home/mmh/softwares/FaceRecognition/build/CMakeFiles/CMakeTmp/CheckSymbolExists.c:
/* */
#include <unistd.h>
#include <time.h>

int main(int argc, char** argv)
{
  (void)argv;
#ifndef _POSIX_TIMERS
  return ((int*)(&_POSIX_TIMERS))[argc];
#else
  (void)argc;
  return 0;
#endif
}

Performing C++ SOURCE FILE Test HAVE_FPIE_SUPPORT succeeded with the following output:
Change Dir: /home/mmh/softwares/FaceRecognition/build/CMakeFiles/CMakeTmp

Run Build Command:/usr/bin/gmake "cmTryCompileExec3782238545/fast"
/usr/bin/gmake -f CMakeFiles/cmTryCompileExec3782238545.dir/build.make CMakeFiles/cmTryCompileExec3782238545.dir/build
gmake[1]: Entering directory `/home/mmh/softwares/FaceRecognition/build/CMakeFiles/CMakeTmp'
/usr/bin/cmake -E cmake_progress_report /home/mmh/softwares/FaceRecognition/build/CMakeFiles/CMakeTmp/CMakeFiles 1
Building CXX object CMakeFiles/cmTryCompileExec3782238545.dir/src.cxx.o
/usr/bin/c++    -fopenmp -fPIC -Wnon-virtual-dtor -Wno-long-long -Wundef -Wcast-align -Wchar-subscripts -Wall -W -Wpointer-arith -Wformat-security -fno-exceptions -DQT_NO_EXCEPTIONS -fno-check-new -fno-common  -DHAVE_FPIE_SUPPORT   -fPIE -o CMakeFiles/cmTryCompileExec3782238545.dir/src.cxx.o -c /home/mmh/softwares/FaceRecognition/build/CMakeFiles/CMakeTmp/src.cxx
Linking CXX executable cmTryCompileExec3782238545
/usr/bin/cmake -E cmake_link_script CMakeFiles/cmTryCompileExec3782238545.dir/link.txt --verbose=1
/usr/bin/c++     -fopenmp -fPIC -Wnon-virtual-dtor -Wno-long-long -Wundef -Wcast-align -Wchar-subscripts -Wall -W -Wpointer-arith -Wformat-security -fno-exceptions -DQT_NO_EXCEPTIONS -fno-check-new -fno-common  -DHAVE_FPIE_SUPPORT    CMakeFiles/cmTryCompileExec3782238545.dir/src.cxx.o  -o cmTryCompileExec3782238545 -rdynamic 
gmake[1]: Leaving directory `/home/mmh/softwares/FaceRecognition/build/CMakeFiles/CMakeTmp'

Source file was:
int main() { return 0;}
Performing C++ SOURCE FILE Test __KDE_HAVE_W_OVERLOADED_VIRTUAL succeeded with the following output:
Change Dir: /home/mmh/softwares/FaceRecognition/build/CMakeFiles/CMakeTmp

Run Build Command:/usr/bin/gmake "cmTryCompileExec202773818/fast"
/usr/bin/gmake -f CMakeFiles/cmTryCompileExec202773818.dir/build.make CMakeFiles/cmTryCompileExec202773818.dir/build
gmake[1]: Entering directory `/home/mmh/softwares/FaceRecognition/build/CMakeFiles/CMakeTmp'
/usr/bin/cmake -E cmake_progress_report /home/mmh/softwares/FaceRecognition/build/CMakeFiles/CMakeTmp/CMakeFiles 1
Building CXX object CMakeFiles/cmTryCompileExec202773818.dir/src.cxx.o
/usr/bin/c++    -fopenmp -fPIC -Wnon-virtual-dtor -Wno-long-long -Wundef -Wcast-align -Wchar-subscripts -Wall -W -Wpointer-arith -Wformat-security -fno-exceptions -DQT_NO_EXCEPTIONS -fno-check-new -fno-common  -D__KDE_HAVE_W_OVERLOADED_VIRTUAL   -Woverloaded-virtual -o CMakeFiles/cmTryCompileExec202773818.dir/src.cxx.o -c /home/mmh/softwares/FaceRecognition/build/CMakeFiles/CMakeTmp/src.cxx
Linking CXX executable cmTryCompileExec202773818
/usr/bin/cmake -E cmake_link_script CMakeFiles/cmTryCompileExec202773818.dir/link.txt --verbose=1
/usr/bin/c++     -fopenmp -fPIC -Wnon-virtual-dtor -Wno-long-long -Wundef -Wcast-align -Wchar-subscripts -Wall -W -Wpointer-arith -Wformat-security -fno-exceptions -DQT_NO_EXCEPTIONS -fno-check-new -fno-common  -D__KDE_HAVE_W_OVERLOADED_VIRTUAL    CMakeFiles/cmTryCompileExec202773818.dir/src.cxx.o  -o cmTryCompileExec202773818 -rdynamic 
gmake[1]: Leaving directory `/home/mmh/softwares/FaceRecognition/build/CMakeFiles/CMakeTmp'

Source file was:
int main() { return 0;}
Performing C++ SOURCE FILE Test __KDE_HAVE_GCC_VISIBILITY succeeded with the following output:
Change Dir: /home/mmh/softwares/FaceRecognition/build/CMakeFiles/CMakeTmp

Run Build Command:/usr/bin/gmake "cmTryCompileExec3636400703/fast"
/usr/bin/gmake -f CMakeFiles/cmTryCompileExec3636400703.dir/build.make CMakeFiles/cmTryCompileExec3636400703.dir/build
gmake[1]: Entering directory `/home/mmh/softwares/FaceRecognition/build/CMakeFiles/CMakeTmp'
/usr/bin/cmake -E cmake_progress_report /home/mmh/softwares/FaceRecognition/build/CMakeFiles/CMakeTmp/CMakeFiles 1
Building CXX object CMakeFiles/cmTryCompileExec3636400703.dir/src.cxx.o
/usr/bin/c++    -fopenmp -fPIC -Wnon-virtual-dtor -Wno-long-long -Wundef -Wcast-align -Wchar-subscripts -Wall -W -Wpointer-arith -Wformat-security -fno-exceptions -DQT_NO_EXCEPTIONS -fno-check-new -fno-common -Woverloaded-virtual  -D__KDE_HAVE_GCC_VISIBILITY   -fvisibility=hidden -o CMakeFiles/cmTryCompileExec3636400703.dir/src.cxx.o -c /home/mmh/softwares/FaceRecognition/build/CMakeFiles/CMakeTmp/src.cxx
Linking CXX executable cmTryCompileExec3636400703
/usr/bin/cmake -E cmake_link_script CMakeFiles/cmTryCompileExec3636400703.dir/link.txt --verbose=1
/usr/bin/c++     -fopenmp -fPIC -Wnon-virtual-dtor -Wno-long-long -Wundef -Wcast-align -Wchar-subscripts -Wall -W -Wpointer-arith -Wformat-security -fno-exceptions -DQT_NO_EXCEPTIONS -fno-check-new -fno-common -Woverloaded-virtual  -D__KDE_HAVE_GCC_VISIBILITY    CMakeFiles/cmTryCompileExec3636400703.dir/src.cxx.o  -o cmTryCompileExec3636400703 -rdynamic 
gmake[1]: Leaving directory `/home/mmh/softwares/FaceRecognition/build/CMakeFiles/CMakeTmp'

Source file was:
int main() { return 0;}
